# JRE version: OpenJDK Runtime Environment Corretto-19.0.2.7.1 (19.0.2+7) (build 19.0.2+7-FR)
# Java VM: OpenJDK 64-Bit Server VM Corretto-19.0.2.7.1 (19.0.2+7-FR, mixed mode, sharing, tiered, compressed oops, compressed class ptrs, g1 gc, windows-amd64)
GC Precious Log:
 CardTable entry size: 512
 Card Set container configuration: InlinePtr #cards 5 size 8 Array Of Cards #cards 12 size 40 Howl #buckets 4 coarsen threshold 1843 Howl Bitmap #cards 512 size 80 coarsen threshold 460 Card regions per heap region 1 cards per card region 2048
 CPUs: 24 total, 24 available
 Memory: 15578M
 Large Page Support: Disabled
 NUMA Support: Disabled
 Compressed Oops: Enabled (32-bit)
 Heap Region Size: 1M
 Heap Min Capacity: 8M
 Heap Initial Capacity: 244M
 Heap Max Capacity: 2G
 Pre-touch: Disabled
 Parallel Workers: 18
 Concurrent Workers: 5
 Concurrent Refinement Workers: 18
 Periodic GC: Disabled
Heap:
 garbage-first heap   total 86016K, used 30360K [0x0000000080000000, 0x0000000100000000)
  region size 1024K, 7 young (7168K), 1 survivors (1024K)
 Metaspace       used 26394K, committed 27328K, reserved 1114112K
  class space    used 3863K, committed 4352K, reserved 1048576K
GC Heap History (10 events):
Event: 0.395 GC heap before
{Heap before GC invocations=0 (full 0):
 garbage-first heap   total 249856K, used 26624K [0x0000000080000000, 0x0000000100000000)
  region size 1024K, 23 young (23552K), 0 survivors (0K)
 Metaspace       used 3208K, committed 3328K, reserved 1114112K
  class space    used 390K, committed 448K, reserved 1048576K
}
Event: 0.400 GC heap after
{Heap after GC invocations=1 (full 0):
 garbage-first heap   total 249856K, used 10717K [0x0000000080000000, 0x0000000100000000)
  region size 1024K, 3 young (3072K), 3 survivors (3072K)
 Metaspace       used 3208K, committed 3328K, reserved 1114112K
  class space    used 390K, committed 448K, reserved 1048576K
}
Event: 0.733 GC heap before
{Heap before GC invocations=1 (full 0):
 garbage-first heap   total 249856K, used 39389K [0x0000000080000000, 0x0000000100000000)
  region size 1024K, 31 young (31744K), 3 survivors (3072K)
 Metaspace       used 4149K, committed 4352K, reserved 1114112K
  class space    used 485K, committed 576K, reserved 1048576K
}
Event: 0.737 GC heap after
{Heap after GC invocations=2 (full 0):
 garbage-first heap   total 249856K, used 11914K [0x0000000080000000, 0x0000000100000000)
  region size 1024K, 2 young (2048K), 2 survivors (2048K)
 Metaspace       used 4149K, committed 4352K, reserved 1114112K
  class space    used 485K, committed 576K, reserved 1048576K
}
Event: 3.732 GC heap before
{Heap before GC invocations=2 (full 0):
 garbage-first heap   total 249856K, used 116362K [0x0000000080000000, 0x0000000100000000)
  region size 1024K, 105 young (107520K), 2 survivors (2048K)
 Metaspace       used 20830K, committed 21504K, reserved 1114112K
  class space    used 2962K, committed 3328K, reserved 1048576K
}
Event: 3.795 GC heap after
{Heap after GC invocations=3 (full 0):
 garbage-first heap   total 249856K, used 22312K [0x0000000080000000, 0x0000000100000000)
  region size 1024K, 12 young (12288K), 12 survivors (12288K)
 Metaspace       used 20830K, committed 21504K, reserved 1114112K
  class space    used 2962K, committed 3328K, reserved 1048576K
}
Event: 4.824 GC heap before
{Heap before GC invocations=4 (full 0):
 garbage-first heap   total 86016K, used 61224K [0x0000000080000000, 0x0000000100000000)
  region size 1024K, 50 young (51200K), 12 survivors (12288K)
 Metaspace       used 25506K, committed 26496K, reserved 1114112K
  class space    used 3722K, committed 4224K, reserved 1048576K
}
Event: 4.832 GC heap after
{Heap after GC invocations=5 (full 0):
 garbage-first heap   total 86016K, used 24760K [0x0000000080000000, 0x0000000100000000)
  region size 1024K, 3 young (3072K), 3 survivors (3072K)
 Metaspace       used 25506K, committed 26496K, reserved 1114112K
  class space    used 3722K, committed 4224K, reserved 1048576K
}
Event: 4.849 GC heap before
{Heap before GC invocations=5 (full 0):
 garbage-first heap   total 86016K, used 25784K [0x0000000080000000, 0x0000000100000000)
  region size 1024K, 4 young (4096K), 3 survivors (3072K)
 Metaspace       used 25593K, committed 26560K, reserved 1114112K
  class space    used 3735K, committed 4224K, reserved 1048576K
}
Event: 4.852 GC heap after
{Heap after GC invocations=6 (full 0):
 garbage-first heap   total 86016K, used 25240K [0x0000000080000000, 0x0000000100000000)
  region size 1024K, 1 young (1024K), 1 survivors (1024K)
 Metaspace       used 25593K, committed 26560K, reserved 1114112K
  class space    used 3735K, committed 4224K, reserved 1048576K
}

